{
  "RSpec": {
    "coverage": {
      "/Users/DavidsAir/Desktop/portfolio2/spec/features/add_category_spec.rb": [
        1,
        null,
        1,
        1,
        1,
        1,
        1,
        1,
        1,
        1,
        null,
        null,
        1,
        1,
        1,
        1,
        1,
        1,
        1,
        null,
        null,
        null
      ],
      "/Users/DavidsAir/Desktop/portfolio2/spec/rails_helper.rb": [
        null,
        1,
        1,
        null,
        1,
        1,
        1,
        1,
        1,
        1,
        null,
        null,
        null,
        null,
        null,
        null,
        null,
        null,
        null,
        null,
        null,
        null,
        null,
        null,
        null,
        null,
        null,
        null,
        null,
        1,
        null,
        1,
        null,
        1,
        null,
        null,
        null,
        null,
        1,
        null,
        null,
        null,
        null,
        null,
        null,
        null,
        null,
        null,
        null,
        null,
        null,
        null,
        null,
        1,
        null
      ],
      "/Users/DavidsAir/Desktop/portfolio2/config/environment.rb": [
        null,
        1,
        null,
        null,
        1
      ],
      "/Users/DavidsAir/Desktop/portfolio2/config/application.rb": [
        1,
        null,
        1,
        null,
        1,
        1,
        1,
        1,
        1,
        1,
        1,
        null,
        null,
        null,
        null,
        1,
        null,
        1,
        1,
        null,
        null,
        null,
        null,
        null,
        null,
        null,
        null,
        null,
        null,
        null,
        null,
        null,
        1,
        null,
        null
      ],
      "/Users/DavidsAir/Desktop/portfolio2/config/boot.rb": [
        1,
        null,
        1
      ],
      "/Users/DavidsAir/Desktop/portfolio2/config/environments/test.rb": [
        1,
        null,
        null,
        null,
        null,
        null,
        null,
        1,
        null,
        null,
        null,
        null,
        1,
        null,
        null,
        1,
        1,
        null,
        null,
        1,
        1,
        null,
        null,
        1,
        null,
        null,
        1,
        null,
        null,
        null,
        null,
        1,
        null,
        null,
        1,
        null,
        null,
        1,
        null,
        null,
        null,
        null
      ],
      "/Users/DavidsAir/Desktop/portfolio2/config/initializers/assets.rb": [
        null,
        null,
        null,
        1,
        null,
        null,
        null,
        null,
        null,
        null,
        null
      ],
      "/Users/DavidsAir/Desktop/portfolio2/config/initializers/backtrace_silencers.rb": [
        null,
        null,
        null,
        null,
        null,
        null,
        null
      ],
      "/Users/DavidsAir/Desktop/portfolio2/config/initializers/cookies_serializer.rb": [
        null,
        null,
        1
      ],
      "/Users/DavidsAir/Desktop/portfolio2/config/initializers/devise.rb": [
        null,
        null,
        1,
        null,
        null,
        null,
        null,
        null,
        null,
        null,
        null,
        null,
        null,
        null,
        1,
        null,
        null,
        null,
        null,
        null,
        null,
        null,
        null,
        1,
        null,
        null,
        null,
        null,
        null,
        null,
        null,
        null,
        null,
        null,
        null,
        null,
        null,
        null,
        null,
        null,
        null,
        null,
        null,
        null,
        null,
        1,
        null,
        null,
        null,
        null,
        1,
        null,
        null,
        null,
        null,
        null,
        null,
        null,
        null,
        null,
        null,
        null,
        null,
        null,
        null,
        null,
        null,
        null,
        null,
        null,
        null,
        null,
        null,
        null,
        null,
        null,
        null,
        null,
        null,
        null,
        null,
        1,
        null,
        null,
        null,
        null,
        null,
        null,
        null,
        null,
        null,
        null,
        null,
        null,
        null,
        null,
        null,
        null,
        1,
        null,
        null,
        null,
        null,
        null,
        null,
        null,
        null,
        null,
        null,
        null,
        null,
        null,
        null,
        null,
        null,
        null,
        null,
        null,
        null,
        null,
        null,
        null,
        null,
        1,
        null,
        null,
        null,
        null,
        null,
        null,
        null,
        null,
        null,
        1,
        null,
        null,
        null,
        null,
        null,
        null,
        null,
        null,
        null,
        null,
        1,
        null,
        null,
        null,
        null,
        null,
        null,
        null,
        null,
        null,
        null,
        null,
        null,
        null,
        null,
        null,
        null,
        null,
        null,
        null,
        null,
        null,
        null,
        null,
        null,
        null,
        null,
        null,
        null,
        null,
        null,
        null,
        null,
        null,
        null,
        null,
        null,
        null,
        null,
        null,
        null,
        null,
        null,
        null,
        null,
        null,
        null,
        null,
        null,
        1,
        null,
        null,
        null,
        null,
        null,
        null,
        null,
        null,
        null,
        null,
        null,
        null,
        null,
        null,
        null,
        null,
        null,
        null,
        null,
        null,
        null,
        null,
        null,
        null,
        null,
        null,
        null,
        null,
        null,
        null,
        null,
        null,
        null,
        null,
        null,
        null,
        null,
        null,
        null,
        null,
        null,
        1,
        null,
        null,
        null,
        null,
        null,
        null,
        null,
        null,
        null,
        null,
        null,
        null,
        null,
        null,
        null,
        null,
        null,
        null,
        null,
        null,
        null,
        null,
        null,
        null,
        null,
        null,
        null,
        null,
        null
      ],
      "/Users/DavidsAir/Desktop/portfolio2/config/initializers/filter_parameter_logging.rb": [
        null,
        null,
        null,
        1
      ],
      "/Users/DavidsAir/Desktop/portfolio2/config/initializers/inflections.rb": [
        null,
        null,
        null,
        null,
        null,
        null,
        null,
        null,
        null,
        null,
        null,
        null,
        null,
        null,
        null,
        null
      ],
      "/Users/DavidsAir/Desktop/portfolio2/config/initializers/mime_types.rb": [
        null,
        null,
        null,
        null
      ],
      "/Users/DavidsAir/Desktop/portfolio2/config/initializers/session_store.rb": [
        null,
        null,
        1
      ],
      "/Users/DavidsAir/Desktop/portfolio2/config/initializers/wrap_parameters.rb": [
        null,
        null,
        null,
        null,
        null,
        null,
        1,
        1,
        null,
        null,
        null,
        null,
        null,
        null
      ],
      "/Users/DavidsAir/Desktop/portfolio2/spec/factories.rb": [
        1,
        1,
        1,
        1,
        null,
        null,
        null,
        1,
        1,
        1,
        null,
        null,
        null,
        1,
        1,
        1,
        null,
        null,
        null,
        1,
        1,
        1,
        1,
        null,
        null,
        null,
        null
      ],
      "/Users/DavidsAir/Desktop/portfolio2/config/routes.rb": [
        1,
        1,
        1,
        null,
        1,
        null,
        1,
        1,
        null,
        null,
        1,
        1,
        null,
        null,
        null
      ],
      "/Users/DavidsAir/Desktop/portfolio2/app/models/admin.rb": [
        1,
        null,
        null,
        1,
        null,
        null,
        null,
        null
      ],
      "/Users/DavidsAir/Desktop/portfolio2/app/models/user.rb": [
        1,
        1,
        null,
        null,
        null,
        1,
        null,
        null,
        1,
        0,
        null,
        1,
        39,
        null,
        null,
        null
      ],
      "/Users/DavidsAir/Desktop/portfolio2/app/helpers/application_helper.rb": [
        1,
        null
      ],
      "/Users/DavidsAir/Desktop/portfolio2/spec/features/add_post_spec.rb": [
        1,
        null,
        1,
        1,
        1,
        1,
        1,
        1,
        1,
        1,
        1,
        1,
        1,
        null,
        null,
        1,
        1,
        1,
        1,
        1,
        1,
        1,
        1,
        null,
        null,
        null
      ],
      "/Users/DavidsAir/Desktop/portfolio2/spec/features/add_project_spec.rb": [
        1,
        null,
        1,
        1,
        1,
        1,
        1,
        1,
        1,
        1,
        1,
        1,
        1,
        null,
        null,
        1,
        1,
        1,
        1,
        1,
        1,
        1,
        1,
        1,
        1,
        null,
        null,
        null
      ],
      "/Users/DavidsAir/Desktop/portfolio2/spec/features/delete_category_spec.rb": [
        1,
        null,
        1,
        1,
        1,
        1,
        1,
        1,
        1,
        1,
        1,
        1,
        null,
        null
      ],
      "/Users/DavidsAir/Desktop/portfolio2/spec/features/edit_category_spec.rb": [
        1,
        null,
        1,
        1,
        1,
        1,
        1,
        1,
        1,
        1,
        1,
        1,
        1,
        1,
        null,
        null,
        1,
        1,
        1,
        1,
        1,
        1,
        1,
        1,
        1,
        1,
        1,
        null,
        null
      ],
      "/Users/DavidsAir/Desktop/portfolio2/spec/models/admin_spec.rb": [
        1,
        null,
        1,
        2,
        null,
        null
      ],
      "/Users/DavidsAir/Desktop/portfolio2/spec/models/category_spec.rb": [
        1,
        null,
        1,
        2,
        2,
        2,
        null,
        null
      ],
      "/Users/DavidsAir/Desktop/portfolio2/app/models/category.rb": [
        1,
        1,
        1,
        1,
        null
      ],
      "/Users/DavidsAir/Desktop/portfolio2/spec/models/comment_spec.rb": [
        1,
        null,
        1,
        2,
        2,
        2,
        null,
        null
      ],
      "/Users/DavidsAir/Desktop/portfolio2/app/models/comment.rb": [
        1,
        1,
        1,
        1,
        null
      ],
      "/Users/DavidsAir/Desktop/portfolio2/spec/models/post_spec.rb": [
        1,
        null,
        1,
        2,
        2,
        2,
        null,
        null
      ],
      "/Users/DavidsAir/Desktop/portfolio2/app/models/post.rb": [
        1,
        1,
        1,
        1,
        null
      ],
      "/Users/DavidsAir/Desktop/portfolio2/spec/models/project_spec.rb": [
        1,
        null,
        1,
        2,
        2,
        2,
        null,
        null
      ],
      "/Users/DavidsAir/Desktop/portfolio2/app/models/project.rb": [
        1,
        1,
        1,
        1,
        null
      ],
      "/Users/DavidsAir/Desktop/portfolio2/spec/models/user_spec.rb": [
        1,
        null,
        1,
        2,
        2,
        null,
        null
      ],
      "/Users/DavidsAir/Desktop/portfolio2/app/controllers/categories_controller.rb": [
        1,
        1,
        null,
        1,
        11,
        null,
        null,
        1,
        7,
        null,
        null,
        1,
        1,
        1,
        0,
        0,
        null,
        1,
        null,
        null,
        null,
        1,
        5,
        null,
        null,
        1,
        2,
        null,
        null,
        1,
        2,
        2,
        1,
        1,
        null,
        1,
        null,
        null,
        null,
        1,
        1,
        1,
        1,
        1,
        null,
        null,
        1,
        1,
        3,
        null,
        null,
        null
      ],
      "/Users/DavidsAir/Desktop/portfolio2/app/controllers/application_controller.rb": [
        1,
        null,
        null,
        1,
        null,
        1,
        null,
        1,
        39,
        null,
        null,
        1,
        null,
        1,
        1,
        36,
        null,
        null
      ],
      "/Users/DavidsAir/Desktop/portfolio2/app/controllers/posts_controller.rb": [
        1,
        1,
        null,
        1,
        3,
        null,
        null,
        1,
        2,
        null,
        null,
        1,
        2,
        2,
        1,
        1,
        null,
        1,
        1,
        null,
        null,
        null,
        1,
        0,
        null,
        null,
        1,
        0,
        null,
        null,
        1,
        0,
        0,
        0,
        0,
        null,
        0,
        null,
        null,
        null,
        1,
        0,
        0,
        0,
        0,
        null,
        null,
        1,
        null,
        1,
        2,
        null,
        null,
        null
      ],
      "/Users/DavidsAir/Desktop/portfolio2/app/controllers/projects_controller.rb": [
        1,
        1,
        null,
        1,
        2,
        2,
        null,
        null,
        1,
        1,
        1,
        1,
        0,
        0,
        null,
        1,
        null,
        null,
        null,
        1,
        0,
        0,
        null,
        null,
        1,
        0,
        0,
        null,
        null,
        1,
        0,
        0,
        0,
        0,
        0,
        null,
        0,
        null,
        null,
        null,
        1,
        0,
        0,
        0,
        0,
        0,
        null,
        null,
        1,
        1,
        1,
        null,
        null,
        null
      ]
    },
    "timestamp": 1436569653
  }
}
